0 info it worked if it ends with ok
1 verbose cli [ '/usr/local/Cellar/node/6.4.0/bin/node',
1 verbose cli   '/usr/local/bin/npm',
1 verbose cli   'publish' ]
2 info using npm@3.10.6
3 info using node@v6.4.0
4 verbose publish [ '.' ]
5 silly cache add args [ '.', null ]
6 verbose cache add spec .
7 silly cache add parsed spec Result {
7 silly cache add   raw: '.',
7 silly cache add   scope: null,
7 silly cache add   escapedName: null,
7 silly cache add   name: null,
7 silly cache add   rawSpec: '.',
7 silly cache add   spec: '/Users/laynefaler/Desktop/JS_Projects/Build/DevTools/npms/JSLibs/skipJS',
7 silly cache add   type: 'directory' }
8 verbose addLocalDirectory /Users/laynefaler/.npm/skip-js/0.0.14/package.tgz not in flight; packing
9 verbose correctMkdir /Users/laynefaler/.npm correctMkdir not in flight; initializing
10 info lifecycle skip-js@0.0.14~prepublish: skip-js@0.0.14
11 silly lifecycle skip-js@0.0.14~prepublish: no script for prepublish, continuing
12 verbose tar pack [ '/Users/laynefaler/.npm/skip-js/0.0.14/package.tgz',
12 verbose tar pack   '/Users/laynefaler/Desktop/JS_Projects/Build/DevTools/npms/JSLibs/skipJS' ]
13 verbose tarball /Users/laynefaler/.npm/skip-js/0.0.14/package.tgz
14 verbose folder /Users/laynefaler/Desktop/JS_Projects/Build/DevTools/npms/JSLibs/skipJS
15 verbose addLocalTarball adding from inside cache /Users/laynefaler/.npm/skip-js/0.0.14/package.tgz
16 verbose correctMkdir /Users/laynefaler/.npm correctMkdir not in flight; initializing
17 silly cache afterAdd skip-js@0.0.14
18 verbose afterAdd /Users/laynefaler/.npm/skip-js/0.0.14/package/package.json not in flight; writing
19 verbose correctMkdir /Users/laynefaler/.npm correctMkdir not in flight; initializing
20 verbose afterAdd /Users/laynefaler/.npm/skip-js/0.0.14/package/package.json written
21 silly publish { name: 'skip-js',
21 silly publish   version: '0.0.14',
21 silly publish   description: 'This is a JavaScript library in vanilla JavaScript to help you with your JavaScript functions. THese are pre-made chaining functions that allow you to skip cretain indexs while using map, filter, forEach, reduce, etc. This is helpful in projects where you would use map and needed to select which indexs need to be changed by default they change every index like the given function. However, you have the option to skip indexs if needed.',
21 silly publish   main: 'skip.js',
21 silly publish   directories: { test: 'tests' },
21 silly publish   scripts: { test: 'echo "Error: no test specified" && exit 1' },
21 silly publish   repository:
21 silly publish    { type: 'git',
21 silly publish      url: 'git+https://github.com/lfaler/plainJS_JS-Library.git' },
21 silly publish   author: { name: 'Layne Faler', email: 'laynefaler' },
21 silly publish   license: 'MIT',
21 silly publish   bugs: { url: 'https://github.com/lfaler/plainJS_JS-Library/issues' },
21 silly publish   homepage: 'https://github.com/lfaler/plainJS_JS-Library#readme',
21 silly publish   file: [ 'skip.js' ],
21 silly publish   readme: '<!--\n@Author: Layne Faler <laynefaler>\n@Date:   09-09-2016\n@Email:  laynefaler@gmail.com\n@Last modified by:   laynefaler\n@Last modified time: 10-06-2016\n-->\n\n# README\n\n## JavaScript Library\n\nThis library is a convenient way to add functions to your JavaSCript without adding a new variable. After importing you can chain these functions like other pre-made functions on MDN.\n\n### Installation\n\n`npm install cn-js`\n\nAt the top of your file enter\n`var _ = require(\'cn-js\');`\n',
21 silly publish   readmeFilename: 'README.md',
21 silly publish   gitHead: '9c4cd07d4a41195330b1317c8fc366c68d54c4e2',
21 silly publish   _id: 'skip-js@0.0.14',
21 silly publish   _shasum: 'b81fd9fd23beabb7089134e3f327f2caba5e37b5',
21 silly publish   _from: '.' }
22 verbose getPublishConfig undefined
23 silly mapToRegistry name skip-js
24 silly mapToRegistry using default registry
25 silly mapToRegistry registry https://registry.npmjs.org/
26 silly mapToRegistry data Result {
26 silly mapToRegistry   raw: 'skip-js',
26 silly mapToRegistry   scope: null,
26 silly mapToRegistry   escapedName: 'skip-js',
26 silly mapToRegistry   name: 'skip-js',
26 silly mapToRegistry   rawSpec: '',
26 silly mapToRegistry   spec: 'latest',
26 silly mapToRegistry   type: 'tag' }
27 silly mapToRegistry uri https://registry.npmjs.org/skip-js
28 verbose publish registryBase https://registry.npmjs.org/
29 silly publish uploading /Users/laynefaler/.npm/skip-js/0.0.14/package.tgz
30 verbose request uri https://registry.npmjs.org/skip-js
31 verbose request sending authorization for write operation
32 info attempt registry request try #1 at 5:40:24 AM
33 verbose request using bearer token for auth
34 verbose request id 0e90cf787419775c
35 http request PUT https://registry.npmjs.org/skip-js
36 http 403 https://registry.npmjs.org/skip-js
37 verbose headers { 'content-type': 'application/json',
37 verbose headers   'cache-control': 'max-age=300',
37 verbose headers   'content-length': '96',
37 verbose headers   'accept-ranges': 'bytes',
37 verbose headers   date: 'Sun, 09 Oct 2016 12:40:24 GMT',
37 verbose headers   via: '1.1 varnish',
37 verbose headers   connection: 'keep-alive',
37 verbose headers   'x-served-by': 'cache-lax8620-LAX',
37 verbose headers   'x-cache': 'MISS',
37 verbose headers   'x-cache-hits': '0',
37 verbose headers   'x-timer': 'S1476016824.155380,VS0,VE201',
37 verbose headers   vary: 'Accept-Encoding' }
38 verbose request invalidating /Users/laynefaler/.npm/registry.npmjs.org/skip-js on PUT
39 error publish Failed PUT 403
40 verbose stack Error: "You cannot publish over the previously published version 0.0.14." : skip-js
40 verbose stack     at makeError (/usr/local/lib/node_modules/npm/node_modules/npm-registry-client/lib/request.js:264:12)
40 verbose stack     at CachingRegistryClient.<anonymous> (/usr/local/lib/node_modules/npm/node_modules/npm-registry-client/lib/request.js:252:14)
40 verbose stack     at Request._callback (/usr/local/lib/node_modules/npm/node_modules/npm-registry-client/lib/request.js:172:14)
40 verbose stack     at Request.self.callback (/usr/local/lib/node_modules/npm/node_modules/request/request.js:200:22)
40 verbose stack     at emitTwo (events.js:106:13)
40 verbose stack     at Request.emit (events.js:191:7)
40 verbose stack     at Request.<anonymous> (/usr/local/lib/node_modules/npm/node_modules/request/request.js:1067:10)
40 verbose stack     at emitOne (events.js:101:20)
40 verbose stack     at Request.emit (events.js:188:7)
40 verbose stack     at IncomingMessage.<anonymous> (/usr/local/lib/node_modules/npm/node_modules/request/request.js:988:12)
41 verbose statusCode 403
42 verbose pkgid skip-js
43 verbose cwd /Users/laynefaler/Desktop/JS_Projects/Build/DevTools/npms/JSLibs/skipJS
44 error Darwin 16.0.0
45 error argv "/usr/local/Cellar/node/6.4.0/bin/node" "/usr/local/bin/npm" "publish"
46 error node v6.4.0
47 error npm  v3.10.6
48 error code E403
49 error "You cannot publish over the previously published version 0.0.14." : skip-js
50 error If you need help, you may report this error at:
50 error     <https://github.com/npm/npm/issues>
51 verbose exit [ 1, true ]
